<?xml version="1.0" encoding="UTF-8"?>
<robot generator="Robot 7.4.1 (Python 3.13.7 on win32)" generated="2026-01-03T00:54:58.704176" rpa="false" schemaversion="5">
<suite id="s1" name="Tests" source="D:\Software Testing ITI\RobotFramework\TestProject\tests">
<suite id="s1-s1" name="1 Negative Login" source="D:\Software Testing ITI\RobotFramework\TestProject\tests\1_negative_login.robot">
<test id="s1-s1-t1" name="Negative Login With Invalid Credentials" line="8">
<kw name="Open Parabank" owner="login_keywords">
<kw name="Open Browser" owner="SeleniumLibrary">
<msg time="2026-01-03T00:54:59.764962" level="INFO">Opening browser 'Chrome' to base url 'https://parabank.parasoft.com/parabank/index.htm?ConnType=JDBC'.</msg>
<arg>${BASE_URL}</arg>
<arg>${BROWSER}</arg>
<doc>Opens a new browser instance to the optional ``url``.</doc>
<status status="PASS" start="2026-01-03T00:54:59.764089" elapsed="8.330114"/>
</kw>
<kw name="Maximize Browser Window" owner="SeleniumLibrary">
<doc>Maximizes current browser window.</doc>
<status status="PASS" start="2026-01-03T00:55:08.095159" elapsed="0.085867"/>
</kw>
<kw name="Wait Until Page Contains Element" owner="SeleniumLibrary">
<arg>name:username</arg>
<doc>Waits until the element ``locator`` appears on the current page.</doc>
<status status="PASS" start="2026-01-03T00:55:08.181509" elapsed="0.039129"/>
</kw>
<status status="PASS" start="2026-01-03T00:54:59.761303" elapsed="8.459847"/>
</kw>
<kw name="Enter Credentials And Login" owner="login_keywords">
<kw name="Input Text" owner="SeleniumLibrary">
<msg time="2026-01-03T00:55:08.225398" level="INFO">Typing text 'invalidUser' into text field 'name:username'.</msg>
<arg>name:username</arg>
<arg>${username}</arg>
<doc>Types the given ``text`` into the text field identified by ``locator``.</doc>
<status status="PASS" start="2026-01-03T00:55:08.224436" elapsed="0.430163"/>
</kw>
<kw name="Input Text" owner="SeleniumLibrary">
<msg time="2026-01-03T00:55:08.655950" level="INFO">Typing text 'invalidPassword' into text field 'name:password'.</msg>
<arg>name:password</arg>
<arg>${password}</arg>
<doc>Types the given ``text`` into the text field identified by ``locator``.</doc>
<status status="PASS" start="2026-01-03T00:55:08.655136" elapsed="0.294946"/>
</kw>
<kw name="Click Button" owner="SeleniumLibrary">
<msg time="2026-01-03T00:55:08.951428" level="INFO">Clicking button 'css:input[value='Log In']'.</msg>
<arg>css:input[value='Log In']</arg>
<doc>Clicks the button identified by ``locator``.</doc>
<status status="PASS" start="2026-01-03T00:55:08.950694" elapsed="0.967276"/>
</kw>
<arg>${INVALID_USER}</arg>
<arg>${INVALID_PASS}</arg>
<status status="PASS" start="2026-01-03T00:55:08.222605" elapsed="1.695869"/>
</kw>
<kw name="Verify Error Message Is Displayed" owner="login_keywords">
<kw name="Wait Until Page Contains Element" owner="SeleniumLibrary">
<arg>css:.error</arg>
<doc>Waits until the element ``locator`` appears on the current page.</doc>
<status status="PASS" start="2026-01-03T00:55:09.920867" elapsed="0.052849"/>
</kw>
<kw name="Element Should Be Visible" owner="SeleniumLibrary">
<msg time="2026-01-03T00:55:10.049295" level="INFO">Element 'css:.error' is displayed.</msg>
<arg>css:.error</arg>
<doc>Verifies that the element identified by ``locator`` is visible.</doc>
<status status="PASS" start="2026-01-03T00:55:09.974378" elapsed="0.075225"/>
</kw>
<kw name="Element Text Should Be" owner="SeleniumLibrary">
<msg time="2026-01-03T00:55:10.051145" level="INFO">Verifying element 'css:.error' contains exact text 'The username and password could not be verified.'.</msg>
<arg>css:.error</arg>
<arg>${ERROR_MESSAGE}</arg>
<doc>Verifies that element ``locator`` contains exact the text ``expected``.</doc>
<status status="PASS" start="2026-01-03T00:55:10.050254" elapsed="0.060790"/>
</kw>
<status status="PASS" start="2026-01-03T00:55:09.919670" elapsed="0.191654"/>
</kw>
<kw name="Close Browser Session" owner="login_keywords" type="TEARDOWN">
<kw name="Close Browser" owner="SeleniumLibrary">
<doc>Closes the current browser.</doc>
<status status="PASS" start="2026-01-03T00:55:10.113130" elapsed="2.365371"/>
</kw>
<status status="PASS" start="2026-01-03T00:55:10.112413" elapsed="2.366495"/>
</kw>
<doc>Verify error message is shown for invalid login</doc>
<status status="PASS" start="2026-01-03T00:54:59.759005" elapsed="12.720603"/>
</test>
<doc>Negative Login Test for Parabank</doc>
<status status="PASS" start="2026-01-03T00:54:58.846108" elapsed="13.636716"/>
</suite>
<suite id="s1-s2" name="2 Registration And Login" source="D:\Software Testing ITI\RobotFramework\TestProject\tests\2_registration_and_login.robot">
<test id="s1-s2-t1" name="User Can Register And Is Automatically Logged In" line="9">
<kw name="Open Parabank" owner="registration_keywords">
<kw name="Open Browser" owner="SeleniumLibrary">
<msg time="2026-01-03T00:55:12.514327" level="INFO">Opening browser 'Chrome' to base url 'https://parabank.parasoft.com/parabank/index.htm?ConnType=JDBC'.</msg>
<arg>${BASE_URL}</arg>
<arg>${BROWSER}</arg>
<doc>Opens a new browser instance to the optional ``url``.</doc>
<status status="PASS" start="2026-01-03T00:55:12.513680" elapsed="3.692468"/>
</kw>
<kw name="Maximize Browser Window" owner="SeleniumLibrary">
<doc>Maximizes current browser window.</doc>
<status status="PASS" start="2026-01-03T00:55:16.206840" elapsed="0.084972"/>
</kw>
<status status="PASS" start="2026-01-03T00:55:12.512813" elapsed="3.779535"/>
</kw>
<kw name="Navigate To Registration Page" owner="registration_keywords">
<kw name="Click Link" owner="SeleniumLibrary">
<msg time="2026-01-03T00:55:16.296267" level="INFO">Clicking link 'Register'.</msg>
<arg>Register</arg>
<doc>Clicks a link identified by ``locator``.</doc>
<status status="PASS" start="2026-01-03T00:55:16.295209" elapsed="0.914541"/>
</kw>
<status status="PASS" start="2026-01-03T00:55:16.293791" elapsed="0.916396"/>
</kw>
<kw name="Fill Registration Form" owner="registration_keywords">
<kw name="Input Text" owner="SeleniumLibrary">
<msg time="2026-01-03T00:55:17.213313" level="INFO">Typing text 'Mazen' into text field 'id:customer.firstName'.</msg>
<arg>id:customer.firstName</arg>
<arg>${FIRST_NAME}</arg>
<doc>Types the given ``text`` into the text field identified by ``locator``.</doc>
<status status="PASS" start="2026-01-03T00:55:17.212569" elapsed="0.426309"/>
</kw>
<kw name="Input Text" owner="SeleniumLibrary">
<msg time="2026-01-03T00:55:17.640589" level="INFO">Typing text 'Hekal' into text field 'id:customer.lastName'.</msg>
<arg>id:customer.lastName</arg>
<arg>${LAST_NAME}</arg>
<doc>Types the given ``text`` into the text field identified by ``locator``.</doc>
<status status="PASS" start="2026-01-03T00:55:17.639648" elapsed="0.359842"/>
</kw>
<kw name="Input Text" owner="SeleniumLibrary">
<msg time="2026-01-03T00:55:18.000895" level="INFO">Typing text 'Cairo' into text field 'id:customer.address.street'.</msg>
<arg>id:customer.address.street</arg>
<arg>${ADDRESS}</arg>
<doc>Types the given ``text`` into the text field identified by ``locator``.</doc>
<status status="PASS" start="2026-01-03T00:55:17.999998" elapsed="0.298413"/>
</kw>
<kw name="Input Text" owner="SeleniumLibrary">
<msg time="2026-01-03T00:55:18.299410" level="INFO">Typing text 'Cairo' into text field 'id:customer.address.city'.</msg>
<arg>id:customer.address.city</arg>
<arg>${CITY}</arg>
<doc>Types the given ``text`` into the text field identified by ``locator``.</doc>
<status status="PASS" start="2026-01-03T00:55:18.298844" elapsed="0.337399"/>
</kw>
<kw name="Input Text" owner="SeleniumLibrary">
<msg time="2026-01-03T00:55:18.637914" level="INFO">Typing text 'Egypt' into text field 'id:customer.address.state'.</msg>
<arg>id:customer.address.state</arg>
<arg>${STATE}</arg>
<doc>Types the given ``text`` into the text field identified by ``locator``.</doc>
<status status="PASS" start="2026-01-03T00:55:18.636948" elapsed="0.334619"/>
</kw>
<kw name="Input Text" owner="SeleniumLibrary">
<msg time="2026-01-03T00:55:18.973371" level="INFO">Typing text '12345' into text field 'id:customer.address.zipCode'.</msg>
<arg>id:customer.address.zipCode</arg>
<arg>${ZIP}</arg>
<doc>Types the given ``text`` into the text field identified by ``locator``.</doc>
<status status="PASS" start="2026-01-03T00:55:18.972400" elapsed="0.334715"/>
</kw>
<kw name="Input Text" owner="SeleniumLibrary">
<msg time="2026-01-03T00:55:19.308813" level="INFO">Typing text '0100000000' into text field 'id:customer.phoneNumber'.</msg>
<arg>id:customer.phoneNumber</arg>
<arg>${PHONE}</arg>
<doc>Types the given ``text`` into the text field identified by ``locator``.</doc>
<status status="PASS" start="2026-01-03T00:55:19.307834" elapsed="0.627214"/>
</kw>
<kw name="Input Text" owner="SeleniumLibrary">
<msg time="2026-01-03T00:55:19.943020" level="INFO">Typing text '123456789' into text field 'id:customer.ssn'.</msg>
<arg>id:customer.ssn</arg>
<arg>${SSN}</arg>
<doc>Types the given ``text`` into the text field identified by ``locator``.</doc>
<status status="PASS" start="2026-01-03T00:55:19.940971" elapsed="0.502571"/>
</kw>
<kw name="Input Text" owner="SeleniumLibrary">
<msg time="2026-01-03T00:55:20.444680" level="INFO">Typing text 'mazen12345' into text field 'id:customer.username'.</msg>
<arg>id:customer.username</arg>
<arg>${USERNAME}</arg>
<doc>Types the given ``text`` into the text field identified by ``locator``.</doc>
<status status="PASS" start="2026-01-03T00:55:20.444078" elapsed="0.387903"/>
</kw>
<kw name="Input Text" owner="SeleniumLibrary">
<msg time="2026-01-03T00:55:20.833683" level="INFO">Typing text 'Test@123' into text field 'id:customer.password'.</msg>
<arg>id:customer.password</arg>
<arg>${PASSWORD}</arg>
<doc>Types the given ``text`` into the text field identified by ``locator``.</doc>
<status status="PASS" start="2026-01-03T00:55:20.832617" elapsed="0.296037"/>
</kw>
<kw name="Input Text" owner="SeleniumLibrary">
<msg time="2026-01-03T00:55:21.129980" level="INFO">Typing text 'Test@123' into text field 'id:repeatedPassword'.</msg>
<arg>id:repeatedPassword</arg>
<arg>${PASSWORD}</arg>
<doc>Types the given ``text`` into the text field identified by ``locator``.</doc>
<status status="PASS" start="2026-01-03T00:55:21.129114" elapsed="0.249796"/>
</kw>
<status status="PASS" start="2026-01-03T00:55:17.211619" elapsed="4.167658"/>
</kw>
<kw name="Submit Registration" owner="registration_keywords">
<kw name="Click Button" owner="SeleniumLibrary">
<msg time="2026-01-03T00:55:21.381957" level="INFO">Clicking button 'css:input[value='Register']'.</msg>
<arg>css:input[value='Register']</arg>
<doc>Clicks the button identified by ``locator``.</doc>
<status status="PASS" start="2026-01-03T00:55:21.381228" elapsed="0.522972"/>
</kw>
<status status="PASS" start="2026-01-03T00:55:21.380294" elapsed="0.524321"/>
</kw>
<kw name="Verify User Is Logged In" owner="registration_keywords">
<kw name="Wait Until Page Contains" owner="SeleniumLibrary">
<arg>Welcome</arg>
<doc>Waits until ``text`` appears on the current page.</doc>
<status status="PASS" start="2026-01-03T00:55:21.906835" elapsed="0.125836"/>
</kw>
<kw name="Page Should Contain" owner="SeleniumLibrary">
<msg time="2026-01-03T00:55:22.065263" level="INFO">Current page contains text 'Welcome'.</msg>
<arg>Welcome</arg>
<doc>Verifies that current page contains ``text``.</doc>
<status status="PASS" start="2026-01-03T00:55:22.033353" elapsed="0.032215"/>
</kw>
<status status="PASS" start="2026-01-03T00:55:21.905886" elapsed="0.160150"/>
</kw>
<kw name="Close Browser Session" owner="registration_keywords" type="TEARDOWN">
<kw name="Close Browser" owner="SeleniumLibrary">
<doc>Closes the current browser.</doc>
<status status="PASS" start="2026-01-03T00:55:22.069009" elapsed="2.441462"/>
</kw>
<status status="PASS" start="2026-01-03T00:55:22.067750" elapsed="2.443007"/>
</kw>
<doc>Verify user is logged in automatically after registration</doc>
<status status="PASS" start="2026-01-03T00:55:12.511098" elapsed="12.000232"/>
</test>
<doc>User Registration and Automatic Login Validation</doc>
<status status="PASS" start="2026-01-03T00:55:12.486521" elapsed="12.026962"/>
</suite>
<suite id="s1-s3" name="3 Logout Relogin" source="D:\Software Testing ITI\RobotFramework\TestProject\tests\3_logout_relogin.robot">
<test id="s1-s3-t1" name="Logout And ReLogin Validation" line="7">
<kw name="Open Parabank" owner="login_keywords">
<kw name="Open Browser" owner="SeleniumLibrary">
<msg time="2026-01-03T00:55:24.536085" level="INFO">Opening browser 'Chrome' to base url 'https://parabank.parasoft.com/parabank/index.htm?ConnType=JDBC'.</msg>
<arg>${BASE_URL}</arg>
<arg>${BROWSER}</arg>
<doc>Opens a new browser instance to the optional ``url``.</doc>
<status status="PASS" start="2026-01-03T00:55:24.535472" elapsed="3.449092"/>
</kw>
<kw name="Maximize Browser Window" owner="SeleniumLibrary">
<doc>Maximizes current browser window.</doc>
<status status="PASS" start="2026-01-03T00:55:27.985016" elapsed="0.152888"/>
</kw>
<kw name="Wait Until Page Contains Element" owner="SeleniumLibrary">
<arg>name:username</arg>
<doc>Waits until the element ``locator`` appears on the current page.</doc>
<status status="PASS" start="2026-01-03T00:55:28.138735" elapsed="0.060066"/>
</kw>
<status status="PASS" start="2026-01-03T00:55:24.534694" elapsed="3.664585"/>
</kw>
<kw name="Enter Credentials And Login" owner="login_keywords">
<kw name="Input Text" owner="SeleniumLibrary">
<msg time="2026-01-03T00:55:28.201917" level="INFO">Typing text 'john' into text field 'name:username'.</msg>
<arg>name:username</arg>
<arg>${username}</arg>
<doc>Types the given ``text`` into the text field identified by ``locator``.</doc>
<status status="PASS" start="2026-01-03T00:55:28.201305" elapsed="0.303966"/>
</kw>
<kw name="Input Text" owner="SeleniumLibrary">
<msg time="2026-01-03T00:55:28.506972" level="INFO">Typing text 'demo' into text field 'name:password'.</msg>
<arg>name:password</arg>
<arg>${password}</arg>
<doc>Types the given ``text`` into the text field identified by ``locator``.</doc>
<status status="PASS" start="2026-01-03T00:55:28.506089" elapsed="0.250867"/>
</kw>
<kw name="Click Button" owner="SeleniumLibrary">
<msg time="2026-01-03T00:55:28.758100" level="INFO">Clicking button 'css:input[value='Log In']'.</msg>
<arg>css:input[value='Log In']</arg>
<doc>Clicks the button identified by ``locator``.</doc>
<status status="PASS" start="2026-01-03T00:55:28.757438" elapsed="1.414140"/>
</kw>
<arg>${VALID_USER}</arg>
<arg>${VALID_PASS}</arg>
<status status="PASS" start="2026-01-03T00:55:28.200269" elapsed="1.971579"/>
</kw>
<kw name="Verify Login Successful" owner="login_keywords">
<kw name="Wait Until Page Contains" owner="SeleniumLibrary">
<arg>Welcome</arg>
<doc>Waits until ``text`` appears on the current page.</doc>
<status status="PASS" start="2026-01-03T00:55:30.173417" elapsed="0.035528"/>
</kw>
<kw name="Page Should Contain" owner="SeleniumLibrary">
<msg time="2026-01-03T00:55:30.239855" level="INFO">Current page contains text 'Welcome'.</msg>
<arg>Welcome</arg>
<doc>Verifies that current page contains ``text``.</doc>
<status status="PASS" start="2026-01-03T00:55:30.209579" elapsed="0.030495"/>
</kw>
<status status="PASS" start="2026-01-03T00:55:30.172724" elapsed="0.067598"/>
</kw>
<kw name="Logout" owner="login_keywords">
<kw name="Click Link" owner="SeleniumLibrary">
<msg time="2026-01-03T00:55:30.242353" level="INFO">Clicking link 'Log Out'.</msg>
<arg>Log Out</arg>
<doc>Clicks a link identified by ``locator``.</doc>
<status status="PASS" start="2026-01-03T00:55:30.241910" elapsed="0.832624"/>
</kw>
<kw name="Wait Until Page Contains Element" owner="SeleniumLibrary">
<arg>css:input[value='Log In']</arg>
<doc>Waits until the element ``locator`` appears on the current page.</doc>
<status status="PASS" start="2026-01-03T00:55:31.075301" elapsed="0.024216"/>
</kw>
<status status="PASS" start="2026-01-03T00:55:30.241236" elapsed="0.858554"/>
</kw>
<kw name="Enter Credentials And Login" owner="login_keywords">
<kw name="Input Text" owner="SeleniumLibrary">
<msg time="2026-01-03T00:55:31.103456" level="INFO">Typing text 'john' into text field 'name:username'.</msg>
<arg>name:username</arg>
<arg>${username}</arg>
<doc>Types the given ``text`` into the text field identified by ``locator``.</doc>
<status status="PASS" start="2026-01-03T00:55:31.102396" elapsed="0.252291"/>
</kw>
<kw name="Input Text" owner="SeleniumLibrary">
<msg time="2026-01-03T00:55:31.355931" level="INFO">Typing text 'demo' into text field 'name:password'.</msg>
<arg>name:password</arg>
<arg>${password}</arg>
<doc>Types the given ``text`` into the text field identified by ``locator``.</doc>
<status status="PASS" start="2026-01-03T00:55:31.355133" elapsed="0.283830"/>
</kw>
<kw name="Click Button" owner="SeleniumLibrary">
<msg time="2026-01-03T00:55:31.639848" level="INFO">Clicking button 'css:input[value='Log In']'.</msg>
<arg>css:input[value='Log In']</arg>
<doc>Clicks the button identified by ``locator``.</doc>
<status status="PASS" start="2026-01-03T00:55:31.639379" elapsed="0.967295"/>
</kw>
<arg>${VALID_USER}</arg>
<arg>${VALID_PASS}</arg>
<status status="PASS" start="2026-01-03T00:55:31.100772" elapsed="1.506390"/>
</kw>
<kw name="Verify Login Successful" owner="login_keywords">
<kw name="Wait Until Page Contains" owner="SeleniumLibrary">
<arg>Welcome</arg>
<doc>Waits until ``text`` appears on the current page.</doc>
<status status="PASS" start="2026-01-03T00:55:32.609726" elapsed="0.073095"/>
</kw>
<kw name="Page Should Contain" owner="SeleniumLibrary">
<msg time="2026-01-03T00:55:32.740535" level="INFO">Current page contains text 'Welcome'.</msg>
<arg>Welcome</arg>
<doc>Verifies that current page contains ``text``.</doc>
<status status="PASS" start="2026-01-03T00:55:32.683390" elapsed="0.057511"/>
</kw>
<status status="PASS" start="2026-01-03T00:55:32.608492" elapsed="0.133211"/>
</kw>
<kw name="Close Browser Session" owner="login_keywords" type="TEARDOWN">
<kw name="Close Browser" owner="SeleniumLibrary">
<doc>Closes the current browser.</doc>
<status status="PASS" start="2026-01-03T00:55:32.744372" elapsed="2.381710"/>
</kw>
<status status="PASS" start="2026-01-03T00:55:32.743292" elapsed="2.383172"/>
</kw>
<doc>Verify successful logout and re-login with valid credentials</doc>
<status status="PASS" start="2026-01-03T00:55:24.533126" elapsed="10.594090"/>
</test>
<status status="PASS" start="2026-01-03T00:55:24.516263" elapsed="10.613623"/>
</suite>
<suite id="s1-s4" name="4 Create Savings Account" source="D:\Software Testing ITI\RobotFramework\TestProject\tests\4_create_savings_account.robot">
<test id="s1-s4-t1" name="Create New Savings Account" line="9">
<kw name="Open Parabank" owner="login_keywords">
<kw name="Open Browser" owner="SeleniumLibrary">
<msg time="2026-01-03T00:55:35.168562" level="INFO">Opening browser 'Chrome' to base url 'https://parabank.parasoft.com/parabank/index.htm?ConnType=JDBC'.</msg>
<arg>${BASE_URL}</arg>
<arg>${BROWSER}</arg>
<doc>Opens a new browser instance to the optional ``url``.</doc>
<status status="PASS" start="2026-01-03T00:55:35.167949" elapsed="3.325556"/>
</kw>
<kw name="Maximize Browser Window" owner="SeleniumLibrary">
<doc>Maximizes current browser window.</doc>
<status status="PASS" start="2026-01-03T00:55:38.494189" elapsed="0.116470"/>
</kw>
<kw name="Wait Until Page Contains Element" owner="SeleniumLibrary">
<arg>name:username</arg>
<doc>Waits until the element ``locator`` appears on the current page.</doc>
<status status="PASS" start="2026-01-03T00:55:38.611343" elapsed="0.089367"/>
</kw>
<status status="PASS" start="2026-01-03T00:55:35.167223" elapsed="3.533912"/>
</kw>
<kw name="Enter Credentials And Login" owner="login_keywords">
<kw name="Input Text" owner="SeleniumLibrary">
<msg time="2026-01-03T00:55:38.708084" level="INFO">Typing text 'john' into text field 'name:username'.</msg>
<arg>name:username</arg>
<arg>${username}</arg>
<doc>Types the given ``text`` into the text field identified by ``locator``.</doc>
<status status="PASS" start="2026-01-03T00:55:38.707169" elapsed="0.362848"/>
</kw>
<kw name="Input Text" owner="SeleniumLibrary">
<msg time="2026-01-03T00:55:39.070982" level="INFO">Typing text 'demo' into text field 'name:password'.</msg>
<arg>name:password</arg>
<arg>${password}</arg>
<doc>Types the given ``text`` into the text field identified by ``locator``.</doc>
<status status="PASS" start="2026-01-03T00:55:39.070435" elapsed="0.238398"/>
</kw>
<kw name="Click Button" owner="SeleniumLibrary">
<msg time="2026-01-03T00:55:39.309764" level="INFO">Clicking button 'css:input[value='Log In']'.</msg>
<arg>css:input[value='Log In']</arg>
<doc>Clicks the button identified by ``locator``.</doc>
<status status="PASS" start="2026-01-03T00:55:39.309297" elapsed="1.295390"/>
</kw>
<arg>${VALID_USER}</arg>
<arg>${VALID_PASS}</arg>
<status status="PASS" start="2026-01-03T00:55:38.705247" elapsed="1.899732"/>
</kw>
<kw name="Open New Account Page" owner="account_keywords">
<kw name="Click Link" owner="SeleniumLibrary">
<msg time="2026-01-03T00:55:40.607020" level="INFO">Clicking link 'Open New Account'.</msg>
<arg>Open New Account</arg>
<doc>Clicks a link identified by ``locator``.</doc>
<status status="PASS" start="2026-01-03T00:55:40.606574" elapsed="0.538083"/>
</kw>
<kw name="Wait Until Page Contains" owner="SeleniumLibrary">
<arg>Open New Account</arg>
<doc>Waits until ``text`` appears on the current page.</doc>
<status status="PASS" start="2026-01-03T00:55:41.145357" elapsed="0.044127"/>
</kw>
<status status="PASS" start="2026-01-03T00:55:40.605804" elapsed="0.584108"/>
</kw>
<kw name="Select Account Type" owner="account_keywords">
<kw name="Select From List By Label" owner="SeleniumLibrary">
<msg time="2026-01-03T00:55:41.193397" level="INFO">Selecting options from selection list 'id:type' by label SAVINGS.</msg>
<arg>id:type</arg>
<arg>${account_type}</arg>
<doc>Selects options from selection list ``locator`` by ``labels``.</doc>
<status status="PASS" start="2026-01-03T00:55:41.192470" elapsed="0.349459"/>
</kw>
<arg>SAVINGS</arg>
<status status="PASS" start="2026-01-03T00:55:41.191034" elapsed="0.351181"/>
</kw>
<kw name="Select Funding Account" owner="account_keywords">
<kw name="Select From List By Index" owner="SeleniumLibrary">
<msg time="2026-01-03T00:55:41.544365" level="INFO">Selecting options from selection list 'id:fromAccountId' by index 0.</msg>
<arg>id:fromAccountId</arg>
<arg>0</arg>
<doc>Selects options from selection list ``locator`` by ``indexes``.</doc>
<status status="PASS" start="2026-01-03T00:55:41.543858" elapsed="0.162329"/>
</kw>
<status status="PASS" start="2026-01-03T00:55:41.543118" elapsed="0.163366"/>
</kw>
<kw name="Submit New Account Request" owner="account_keywords">
<kw name="Click Button" owner="SeleniumLibrary">
<msg time="2026-01-03T00:55:41.708639" level="INFO">Clicking button 'css:input[value='Open New Account']'.</msg>
<arg>css:input[value='Open New Account']</arg>
<doc>Clicks the button identified by ``locator``.</doc>
<status status="PASS" start="2026-01-03T00:55:41.708139" elapsed="0.232192"/>
</kw>
<kw name="Wait Until Page Contains Element" owner="SeleniumLibrary">
<arg>id:newAccountId</arg>
<doc>Waits until the element ``locator`` appears on the current page.</doc>
<status status="PASS" start="2026-01-03T00:55:41.941054" elapsed="0.031109"/>
</kw>
<status status="PASS" start="2026-01-03T00:55:41.707370" elapsed="0.265155"/>
</kw>
<kw name="Get New Account Number" owner="account_keywords">
<kw name="Wait Until Page Contains Element" owner="SeleniumLibrary">
<arg>id:newAccountId</arg>
<doc>Waits until the element ``locator`` appears on the current page.</doc>
<status status="PASS" start="2026-01-03T00:55:41.974528" elapsed="0.038211"/>
</kw>
<kw name="Wait Until Element Is Visible" owner="SeleniumLibrary">
<arg>id:newAccountId</arg>
<doc>Waits until the element ``locator`` is visible.</doc>
<status status="PASS" start="2026-01-03T00:55:42.013334" elapsed="0.295676"/>
</kw>
<kw name="Wait Until Element Is Enabled" owner="SeleniumLibrary">
<arg>id:newAccountId</arg>
<doc>Waits until the element ``locator`` is enabled.</doc>
<status status="PASS" start="2026-01-03T00:55:42.309655" elapsed="0.066399"/>
</kw>
<kw name="Get Text" owner="SeleniumLibrary">
<msg time="2026-01-03T00:55:42.435057" level="INFO">${account_number} = 14676</msg>
<var>${account_number}</var>
<arg>id:newAccountId</arg>
<doc>Returns the text value of the element identified by ``locator``.</doc>
<status status="PASS" start="2026-01-03T00:55:42.376720" elapsed="0.058507"/>
</kw>
<kw name="Log" owner="BuiltIn">
<msg time="2026-01-03T00:55:42.437107" level="INFO">New Account Number: 14676</msg>
<arg>New Account Number: ${account_number}</arg>
<doc>Logs the given message with the given level.</doc>
<status status="PASS" start="2026-01-03T00:55:42.435859" elapsed="0.001477"/>
</kw>
<return>
<value>${account_number}</value>
<status status="PASS" start="2026-01-03T00:55:42.437738" elapsed="0.000278"/>
</return>
<msg time="2026-01-03T00:55:42.438741" level="INFO">${account_number} = 14676</msg>
<var>${account_number}</var>
<status status="PASS" start="2026-01-03T00:55:41.973712" elapsed="0.465168"/>
</kw>
<kw name="Verify Account Details" owner="account_keywords">
<kw name="Wait Until Page Contains Element" owner="SeleniumLibrary">
<arg>id:newAccountId</arg>
<doc>Waits until the element ``locator`` appears on the current page.</doc>
<status status="PASS" start="2026-01-03T00:55:42.441290" elapsed="0.022975"/>
</kw>
<kw name="Click Element" owner="SeleniumLibrary">
<msg time="2026-01-03T00:55:42.465554" level="INFO">Clicking element 'id:newAccountId'.</msg>
<arg>id:newAccountId</arg>
<doc>Click the element identified by ``locator``.</doc>
<status status="PASS" start="2026-01-03T00:55:42.464876" elapsed="0.801988"/>
</kw>
<kw name="Wait Until Page Contains" owner="SeleniumLibrary">
<arg>Account Details</arg>
<doc>Waits until ``text`` appears on the current page.</doc>
<status status="PASS" start="2026-01-03T00:55:43.267436" elapsed="0.040629"/>
</kw>
<kw name="Page Should Contain" owner="SeleniumLibrary">
<msg time="2026-01-03T00:55:43.348056" level="INFO">Current page contains text '14676'.</msg>
<arg>${account_number}</arg>
<doc>Verifies that current page contains ``text``.</doc>
<status status="PASS" start="2026-01-03T00:55:43.308518" elapsed="0.039756"/>
</kw>
<arg>${account_number}</arg>
<status status="PASS" start="2026-01-03T00:55:42.440004" elapsed="0.908518"/>
</kw>
<kw name="Set Suite Variable" owner="BuiltIn">
<msg time="2026-01-03T00:55:43.351139" level="INFO">${AccountCreated} = True</msg>
<arg>${AccountCreated}</arg>
<arg>True</arg>
<doc>Makes a variable available everywhere within the scope of the current suite.</doc>
<status status="PASS" start="2026-01-03T00:55:43.349439" elapsed="0.002180"/>
</kw>
<kw name="Set Suite Variable" owner="BuiltIn">
<msg time="2026-01-03T00:55:43.355705" level="INFO">${account_number} = 14676</msg>
<arg>${account_number}</arg>
<arg>${account_number}</arg>
<doc>Makes a variable available everywhere within the scope of the current suite.</doc>
<status status="PASS" start="2026-01-03T00:55:43.353618" elapsed="0.002342"/>
</kw>
<kw name="Close Browser Session" owner="login_keywords" type="TEARDOWN">
<kw name="Close Browser" owner="SeleniumLibrary">
<doc>Closes the current browser.</doc>
<status status="PASS" start="2026-01-03T00:55:43.358686" elapsed="2.379068"/>
</kw>
<status status="PASS" start="2026-01-03T00:55:43.357515" elapsed="2.380687"/>
</kw>
<doc>Automate savings account creation and verify details</doc>
<status status="PASS" start="2026-01-03T00:55:35.165614" elapsed="10.573216"/>
</test>
<doc>Create a new savings account and validate account details</doc>
<status status="PASS" start="2026-01-03T00:55:35.132244" elapsed="10.609215"/>
</suite>
<suite id="s1-s5" name="5 Loan Request" source="D:\Software Testing ITI\RobotFramework\TestProject\tests\5_loan_request.robot">
<test id="s1-s5-t1" name="Loan Request With New Account" line="10">
<kw name="Open Parabank" owner="login_keywords">
<kw name="Open Browser" owner="SeleniumLibrary">
<msg time="2026-01-03T00:55:45.785514" level="INFO">Opening browser 'Chrome' to base url 'https://parabank.parasoft.com/parabank/index.htm?ConnType=JDBC'.</msg>
<arg>${BASE_URL}</arg>
<arg>${BROWSER}</arg>
<doc>Opens a new browser instance to the optional ``url``.</doc>
<status status="PASS" start="2026-01-03T00:55:45.784896" elapsed="3.569167"/>
</kw>
<kw name="Maximize Browser Window" owner="SeleniumLibrary">
<doc>Maximizes current browser window.</doc>
<status status="PASS" start="2026-01-03T00:55:49.355260" elapsed="0.101519"/>
</kw>
<kw name="Wait Until Page Contains Element" owner="SeleniumLibrary">
<arg>name:username</arg>
<doc>Waits until the element ``locator`` appears on the current page.</doc>
<status status="PASS" start="2026-01-03T00:55:49.457616" elapsed="0.038416"/>
</kw>
<status status="PASS" start="2026-01-03T00:55:45.784058" elapsed="3.712419"/>
</kw>
<kw name="Enter Credentials And Login" owner="login_keywords">
<kw name="Input Text" owner="SeleniumLibrary">
<msg time="2026-01-03T00:55:49.500199" level="INFO">Typing text 'john' into text field 'name:username'.</msg>
<arg>name:username</arg>
<arg>${username}</arg>
<doc>Types the given ``text`` into the text field identified by ``locator``.</doc>
<status status="PASS" start="2026-01-03T00:55:49.499269" elapsed="0.310767"/>
</kw>
<kw name="Input Text" owner="SeleniumLibrary">
<msg time="2026-01-03T00:55:49.811820" level="INFO">Typing text 'demo' into text field 'name:password'.</msg>
<arg>name:password</arg>
<arg>${password}</arg>
<doc>Types the given ``text`` into the text field identified by ``locator``.</doc>
<status status="PASS" start="2026-01-03T00:55:49.810816" elapsed="0.265828"/>
</kw>
<kw name="Click Button" owner="SeleniumLibrary">
<msg time="2026-01-03T00:55:50.078024" level="INFO">Clicking button 'css:input[value='Log In']'.</msg>
<arg>css:input[value='Log In']</arg>
<doc>Clicks the button identified by ``locator``.</doc>
<status status="PASS" start="2026-01-03T00:55:50.077220" elapsed="1.127879"/>
</kw>
<arg>${VALID_USER}</arg>
<arg>${VALID_PASS}</arg>
<status status="PASS" start="2026-01-03T00:55:49.497667" elapsed="1.707704"/>
</kw>
<kw name="Open New Account Page" owner="account_keywords">
<kw name="Click Link" owner="SeleniumLibrary">
<msg time="2026-01-03T00:55:51.207555" level="INFO">Clicking link 'Open New Account'.</msg>
<arg>Open New Account</arg>
<doc>Clicks a link identified by ``locator``.</doc>
<status status="PASS" start="2026-01-03T00:55:51.207079" elapsed="0.537042"/>
</kw>
<kw name="Wait Until Page Contains" owner="SeleniumLibrary">
<arg>Open New Account</arg>
<doc>Waits until ``text`` appears on the current page.</doc>
<status status="PASS" start="2026-01-03T00:55:51.745315" elapsed="0.041348"/>
</kw>
<status status="PASS" start="2026-01-03T00:55:51.206329" elapsed="0.580710"/>
</kw>
<kw name="Select Account Type" owner="account_keywords">
<kw name="Select From List By Label" owner="SeleniumLibrary">
<msg time="2026-01-03T00:55:51.789416" level="INFO">Selecting options from selection list 'id:type' by label SAVINGS.</msg>
<arg>id:type</arg>
<arg>${account_type}</arg>
<doc>Selects options from selection list ``locator`` by ``labels``.</doc>
<status status="PASS" start="2026-01-03T00:55:51.788829" elapsed="0.329173"/>
</kw>
<arg>SAVINGS</arg>
<status status="PASS" start="2026-01-03T00:55:51.787962" elapsed="0.330323"/>
</kw>
<kw name="Select Funding Account" owner="account_keywords">
<kw name="Select From List By Index" owner="SeleniumLibrary">
<msg time="2026-01-03T00:55:52.120869" level="INFO">Selecting options from selection list 'id:fromAccountId' by index 0.</msg>
<arg>id:fromAccountId</arg>
<arg>0</arg>
<doc>Selects options from selection list ``locator`` by ``indexes``.</doc>
<status status="PASS" start="2026-01-03T00:55:52.120319" elapsed="0.162489"/>
</kw>
<status status="PASS" start="2026-01-03T00:55:52.119150" elapsed="0.164049"/>
</kw>
<kw name="Submit New Account Request" owner="account_keywords">
<kw name="Click Button" owner="SeleniumLibrary">
<msg time="2026-01-03T00:55:52.285594" level="INFO">Clicking button 'css:input[value='Open New Account']'.</msg>
<arg>css:input[value='Open New Account']</arg>
<doc>Clicks the button identified by ``locator``.</doc>
<status status="PASS" start="2026-01-03T00:55:52.285123" elapsed="0.242954"/>
</kw>
<kw name="Wait Until Page Contains Element" owner="SeleniumLibrary">
<arg>id:newAccountId</arg>
<doc>Waits until the element ``locator`` appears on the current page.</doc>
<status status="PASS" start="2026-01-03T00:55:52.528844" elapsed="0.030785"/>
</kw>
<status status="PASS" start="2026-01-03T00:55:52.284054" elapsed="0.276024"/>
</kw>
<kw name="Get New Account Number" owner="account_keywords">
<kw name="Wait Until Page Contains Element" owner="SeleniumLibrary">
<arg>id:newAccountId</arg>
<doc>Waits until the element ``locator`` appears on the current page.</doc>
<status status="PASS" start="2026-01-03T00:55:52.562737" elapsed="0.023020"/>
</kw>
<kw name="Wait Until Element Is Visible" owner="SeleniumLibrary">
<arg>id:newAccountId</arg>
<doc>Waits until the element ``locator`` is visible.</doc>
<status status="PASS" start="2026-01-03T00:55:52.586347" elapsed="0.307301"/>
</kw>
<kw name="Wait Until Element Is Enabled" owner="SeleniumLibrary">
<arg>id:newAccountId</arg>
<doc>Waits until the element ``locator`` is enabled.</doc>
<status status="PASS" start="2026-01-03T00:55:52.894075" elapsed="0.065864"/>
</kw>
<kw name="Get Text" owner="SeleniumLibrary">
<msg time="2026-01-03T00:55:53.020782" level="INFO">${account_number} = 14787</msg>
<var>${account_number}</var>
<arg>id:newAccountId</arg>
<doc>Returns the text value of the element identified by ``locator``.</doc>
<status status="PASS" start="2026-01-03T00:55:52.960581" elapsed="0.060389"/>
</kw>
<kw name="Log" owner="BuiltIn">
<msg time="2026-01-03T00:55:53.023001" level="INFO">New Account Number: 14787</msg>
<arg>New Account Number: ${account_number}</arg>
<doc>Logs the given message with the given level.</doc>
<status status="PASS" start="2026-01-03T00:55:53.021670" elapsed="0.001582"/>
</kw>
<return>
<value>${account_number}</value>
<status status="PASS" start="2026-01-03T00:55:53.023665" elapsed="0.000170"/>
</return>
<msg time="2026-01-03T00:55:53.024340" level="INFO">${account_number} = 14787</msg>
<var>${account_number}</var>
<status status="PASS" start="2026-01-03T00:55:52.561398" elapsed="0.463036"/>
</kw>
<kw name="Verify Account Details" owner="account_keywords">
<kw name="Wait Until Page Contains Element" owner="SeleniumLibrary">
<arg>id:newAccountId</arg>
<doc>Waits until the element ``locator`` appears on the current page.</doc>
<status status="PASS" start="2026-01-03T00:55:53.026209" elapsed="0.025134"/>
</kw>
<kw name="Click Element" owner="SeleniumLibrary">
<msg time="2026-01-03T00:55:53.052328" level="INFO">Clicking element 'id:newAccountId'.</msg>
<arg>id:newAccountId</arg>
<doc>Click the element identified by ``locator``.</doc>
<status status="PASS" start="2026-01-03T00:55:53.051791" elapsed="0.763930"/>
</kw>
<kw name="Wait Until Page Contains" owner="SeleniumLibrary">
<arg>Account Details</arg>
<doc>Waits until ``text`` appears on the current page.</doc>
<status status="PASS" start="2026-01-03T00:55:53.816530" elapsed="0.035891"/>
</kw>
<kw name="Page Should Contain" owner="SeleniumLibrary">
<msg time="2026-01-03T00:55:53.888758" level="INFO">Current page contains text '14787'.</msg>
<arg>${account_number}</arg>
<doc>Verifies that current page contains ``text``.</doc>
<status status="PASS" start="2026-01-03T00:55:53.852879" elapsed="0.036099"/>
</kw>
<arg>${account_number}</arg>
<status status="PASS" start="2026-01-03T00:55:53.025415" elapsed="0.863811"/>
</kw>
<kw name="Navigate To Request Loan Page" owner="loan_keywords">
<kw name="Click Link" owner="SeleniumLibrary">
<msg time="2026-01-03T00:55:53.891299" level="INFO">Clicking link 'Request Loan'.</msg>
<arg>Request Loan</arg>
<doc>Clicks a link identified by ``locator``.</doc>
<status status="PASS" start="2026-01-03T00:55:53.890859" elapsed="0.542780"/>
</kw>
<kw name="Wait Until Page Contains" owner="SeleniumLibrary">
<arg>Apply for a Loan</arg>
<doc>Waits until ``text`` appears on the current page.</doc>
<status status="PASS" start="2026-01-03T00:55:54.434092" elapsed="0.033917"/>
</kw>
<status status="PASS" start="2026-01-03T00:55:53.890111" elapsed="0.578214"/>
</kw>
<kw name="Fill Loan Form" owner="loan_keywords">
<kw name="Input Text" owner="SeleniumLibrary">
<msg time="2026-01-03T00:55:54.471999" level="INFO">Typing text '100' into text field 'id:amount'.</msg>
<arg>id:amount</arg>
<arg>${loan_amount}</arg>
<doc>Types the given ``text`` into the text field identified by ``locator``.</doc>
<status status="PASS" start="2026-01-03T00:55:54.471176" elapsed="0.304462"/>
</kw>
<kw name="Input Text" owner="SeleniumLibrary">
<msg time="2026-01-03T00:55:54.777316" level="INFO">Typing text '50' into text field 'id:downPayment'.</msg>
<arg>id:downPayment</arg>
<arg>${down_payment}</arg>
<doc>Types the given ``text`` into the text field identified by ``locator``.</doc>
<status status="PASS" start="2026-01-03T00:55:54.776390" elapsed="0.298505"/>
</kw>
<kw name="Select From List By Value" owner="SeleniumLibrary">
<msg time="2026-01-03T00:55:55.076604" level="INFO">Selecting options from selection list 'id:fromAccountId' by value 14787.</msg>
<arg>id:fromAccountId</arg>
<arg>${account_number}</arg>
<doc>Selects options from selection list ``locator`` by ``values``.</doc>
<status status="PASS" start="2026-01-03T00:55:55.075655" elapsed="0.200612"/>
</kw>
<arg>${LOAN_AMOUNT}</arg>
<arg>${DOWN_PAYMENT}</arg>
<arg>${account_number}</arg>
<status status="PASS" start="2026-01-03T00:55:54.469962" elapsed="0.806660"/>
</kw>
<kw name="Submit Loan Request" owner="loan_keywords">
<kw name="Click Button" owner="SeleniumLibrary">
<msg time="2026-01-03T00:55:55.279734" level="INFO">Clicking button 'css:input[value='Apply Now']'.</msg>
<arg>css:input[value='Apply Now']</arg>
<doc>Clicks the button identified by ``locator``.</doc>
<status status="PASS" start="2026-01-03T00:55:55.279086" elapsed="0.238544"/>
</kw>
<kw name="Wait Until Page Contains Element" owner="SeleniumLibrary">
<arg>id:newAccountId</arg>
<doc>Waits until the element ``locator`` appears on the current page.</doc>
<status status="PASS" start="2026-01-03T00:55:55.518288" elapsed="0.023495"/>
</kw>
<kw name="Wait Until Element Is Visible" owner="SeleniumLibrary">
<arg>id:newAccountId</arg>
<doc>Waits until the element ``locator`` is visible.</doc>
<status status="PASS" start="2026-01-03T00:55:55.542305" elapsed="0.539029"/>
</kw>
<kw name="Wait Until Element Is Enabled" owner="SeleniumLibrary">
<arg>id:newAccountId</arg>
<doc>Waits until the element ``locator`` is enabled.</doc>
<status status="PASS" start="2026-01-03T00:55:56.082183" elapsed="0.068121"/>
</kw>
<kw name="Get Text" owner="SeleniumLibrary">
<msg time="2026-01-03T00:55:56.198557" level="INFO">${loan_number} = 14898</msg>
<var>${loan_number}</var>
<arg>id:newAccountId</arg>
<doc>Returns the text value of the element identified by ``locator``.</doc>
<status status="PASS" start="2026-01-03T00:55:56.150842" elapsed="0.047936"/>
</kw>
<return>
<value>${loan_number}</value>
<status status="PASS" start="2026-01-03T00:55:56.199340" elapsed="0.000240"/>
</return>
<msg time="2026-01-03T00:55:56.200396" level="INFO">${loan_number} = 14898</msg>
<var>${loan_number}</var>
<status status="PASS" start="2026-01-03T00:55:55.277984" elapsed="0.922519"/>
</kw>
<kw name="Verify Loan Approved" owner="loan_keywords">
<kw name="Wait Until Page Contains" owner="SeleniumLibrary">
<arg>Approved</arg>
<doc>Waits until ``text`` appears on the current page.</doc>
<status status="PASS" start="2026-01-03T00:55:56.202568" elapsed="0.032679"/>
</kw>
<kw name="Wait Until Page Contains Element" owner="SeleniumLibrary">
<arg>id:newAccountId</arg>
<doc>Waits until the element ``locator`` appears on the current page.</doc>
<status status="PASS" start="2026-01-03T00:55:56.235969" elapsed="0.024174"/>
</kw>
<kw name="Wait Until Element Is Visible" owner="SeleniumLibrary">
<arg>id:newAccountId</arg>
<doc>Waits until the element ``locator`` is visible.</doc>
<status status="PASS" start="2026-01-03T00:55:56.261236" elapsed="0.060048"/>
</kw>
<kw name="Wait Until Element Is Enabled" owner="SeleniumLibrary">
<arg>id:newAccountId</arg>
<doc>Waits until the element ``locator`` is enabled.</doc>
<status status="PASS" start="2026-01-03T00:55:56.321943" elapsed="0.059027"/>
</kw>
<kw name="Click Element" owner="SeleniumLibrary">
<msg time="2026-01-03T00:55:56.382161" level="INFO">Clicking element 'id:newAccountId'.</msg>
<arg>id:newAccountId</arg>
<doc>Click the element identified by ``locator``.</doc>
<status status="PASS" start="2026-01-03T00:55:56.381503" elapsed="0.743379"/>
</kw>
<kw name="Page Should Contain" owner="SeleniumLibrary">
<msg time="2026-01-03T00:55:57.167100" level="INFO">Current page contains text '14898'.</msg>
<arg>${loan_number}</arg>
<doc>Verifies that current page contains ``text``.</doc>
<status status="PASS" start="2026-01-03T00:55:57.125443" elapsed="0.041879"/>
</kw>
<arg>${loan_number}</arg>
<status status="PASS" start="2026-01-03T00:55:56.201633" elapsed="0.966016"/>
</kw>
<kw name="Close Browser Session" owner="login_keywords" type="TEARDOWN">
<kw name="Close Browser" owner="SeleniumLibrary">
<doc>Closes the current browser.</doc>
<status status="PASS" start="2026-01-03T00:55:57.170363" elapsed="2.417096"/>
</kw>
<status status="PASS" start="2026-01-03T00:55:57.168700" elapsed="2.419187"/>
</kw>
<doc>Automate loan request and verify approval</doc>
<status status="PASS" start="2026-01-03T00:55:45.782272" elapsed="13.806360"/>
</test>
<doc>Loan Request Validation Test</doc>
<status status="PASS" start="2026-01-03T00:55:45.745445" elapsed="13.845997"/>
</suite>
<status status="PASS" start="2026-01-03T00:54:58.708627" elapsed="60.886749"/>
</suite>
<statistics>
<total>
<stat pass="5" fail="0" skip="0">All Tests</stat>
</total>
<tag>
</tag>
<suite>
<stat name="Tests" id="s1" pass="5" fail="0" skip="0">Tests</stat>
<stat name="1 Negative Login" id="s1-s1" pass="1" fail="0" skip="0">Tests.1 Negative Login</stat>
<stat name="2 Registration And Login" id="s1-s2" pass="1" fail="0" skip="0">Tests.2 Registration And Login</stat>
<stat name="3 Logout Relogin" id="s1-s3" pass="1" fail="0" skip="0">Tests.3 Logout Relogin</stat>
<stat name="4 Create Savings Account" id="s1-s4" pass="1" fail="0" skip="0">Tests.4 Create Savings Account</stat>
<stat name="5 Loan Request" id="s1-s5" pass="1" fail="0" skip="0">Tests.5 Loan Request</stat>
</suite>
</statistics>
<errors>
<msg time="2026-01-03T00:54:59.746123" level="ERROR">Error in file 'D:\Software Testing ITI\RobotFramework\TestProject\keywords\login_keywords.robot' on line 3: Processing variable file '../variables/variables.robot' failed: Importing variable file '../variables/variables.robot' failed: ModuleNotFoundError: No module named '.'
Traceback (most recent call last):
  None
PYTHONPATH:
  C:\Program Files\Python313\Scripts\robot.exe
  C:\Program Files\Python313\python313.zip
  C:\Program Files\Python313\DLLs
  C:\Program Files\Python313\Lib
  C:\Program Files\Python313
  C:\Users\User\AppData\Roaming\Python\Python313\site-packages
  C:\Program Files\Python313\Lib\site-packages</msg>
<msg time="2026-01-03T00:55:24.527128" level="ERROR">Error in file 'D:\Software Testing ITI\RobotFramework\TestProject\keywords\login_keywords.robot' on line 3: Processing variable file '../variables/variables.robot' failed: Importing variable file '../variables/variables.robot' failed: ModuleNotFoundError: No module named '.'
Traceback (most recent call last):
  None
PYTHONPATH:
  C:\Program Files\Python313\Scripts\robot.exe
  C:\Program Files\Python313\python313.zip
  C:\Program Files\Python313\DLLs
  C:\Program Files\Python313\Lib
  C:\Program Files\Python313
  C:\Users\User\AppData\Roaming\Python\Python313\site-packages
  C:\Program Files\Python313\Lib\site-packages</msg>
<msg time="2026-01-03T00:55:35.148252" level="WARN">Error in file 'D:\Software Testing ITI\RobotFramework\TestProject\keywords\account_keywords.robot' on line 29: The '[Return]' setting is deprecated. Use the 'RETURN' statement instead.</msg>
<msg time="2026-01-03T00:55:35.160045" level="ERROR">Error in file 'D:\Software Testing ITI\RobotFramework\TestProject\keywords\login_keywords.robot' on line 3: Processing variable file '../variables/variables.robot' failed: Importing variable file '../variables/variables.robot' failed: ModuleNotFoundError: No module named '.'
Traceback (most recent call last):
  None
PYTHONPATH:
  C:\Program Files\Python313\Scripts\robot.exe
  C:\Program Files\Python313\python313.zip
  C:\Program Files\Python313\DLLs
  C:\Program Files\Python313\Lib
  C:\Program Files\Python313
  C:\Users\User\AppData\Roaming\Python\Python313\site-packages
  C:\Program Files\Python313\Lib\site-packages</msg>
<msg time="2026-01-03T00:55:45.756915" level="WARN">Error in file 'D:\Software Testing ITI\RobotFramework\TestProject\keywords\loan_keywords.robot' on line 23: The '[Return]' setting is deprecated. Use the 'RETURN' statement instead.</msg>
<msg time="2026-01-03T00:55:45.775345" level="ERROR">Error in file 'D:\Software Testing ITI\RobotFramework\TestProject\keywords\login_keywords.robot' on line 3: Processing variable file '../variables/variables.robot' failed: Importing variable file '../variables/variables.robot' failed: ModuleNotFoundError: No module named '.'
Traceback (most recent call last):
  None
PYTHONPATH:
  C:\Program Files\Python313\Scripts\robot.exe
  C:\Program Files\Python313\python313.zip
  C:\Program Files\Python313\DLLs
  C:\Program Files\Python313\Lib
  C:\Program Files\Python313
  C:\Users\User\AppData\Roaming\Python\Python313\site-packages
  C:\Program Files\Python313\Lib\site-packages</msg>
</errors>
</robot>
